<?xml version="1.0" encoding="UTF-8"?>
<testng-results ignored="0" total="14" passed="7" failed="0" skipped="7">
  <reporter-output>
  </reporter-output>
  <suite started-at="2023-10-14T13:29:31 IST" name="SuiteAirIndia" finished-at="2023-10-14T13:31:10 IST" duration-ms="98411">
    <groups>
    </groups>
    <test started-at="2023-10-14T13:29:31 IST" name="TestAirIndia in Chrome" finished-at="2023-10-14T13:31:08 IST" duration-ms="97065">
      <class name="testPack.Passengers_Textbox">
        <test-method is-config="true" signature="Open_the_Browser(java.lang.String)[pri:0, instance:testPack.Passengers_Textbox@327514f]" started-at="2023-10-14T13:29:58 IST" name="Open_the_Browser" finished-at="2023-10-14T13:30:14 IST" duration-ms="16612" status="PASS">
          <params>
            <param index="0">
              <value>
                <![CDATA[Chrome]]>
              </value>
            </param>
          </params>
          <reporter-output>
          </reporter-output>
        </test-method> <!-- Open_the_Browser -->
        <test-method is-config="true" signature="POM_Class_Object()[pri:0, instance:testPack.Passengers_Textbox@327514f]" started-at="2023-10-14T13:30:34 IST" name="POM_Class_Object" finished-at="2023-10-14T13:30:34 IST" duration-ms="3" status="PASS">
          <reporter-output>
          </reporter-output>
        </test-method> <!-- POM_Class_Object -->
        <test-method is-config="true" signature="ClickOnPassengerTextbox()[pri:0, instance:testPack.Passengers_Textbox@327514f]" started-at="2023-10-14T13:30:34 IST" name="ClickOnPassengerTextbox" finished-at="2023-10-14T13:30:35 IST" duration-ms="683" status="PASS">
          <reporter-output>
          </reporter-output>
        </test-method> <!-- ClickOnPassengerTextbox -->
        <test-method signature="Verify_Adult_Increase_Decrease_button()[pri:1, instance:testPack.Passengers_Textbox@327514f]" started-at="2023-10-14T13:30:35 IST" name="Verify_Adult_Increase_Decrease_button" finished-at="2023-10-14T13:30:48 IST" duration-ms="13701" status="PASS">
          <reporter-output>
          </reporter-output>
        </test-method> <!-- Verify_Adult_Increase_Decrease_button -->
        <test-method is-config="true" signature="ClickAgainOnPassengerTextbox(org.testng.ITestResult)[pri:0, instance:testPack.Passengers_Textbox@327514f]" started-at="2023-10-14T13:30:48 IST" name="ClickAgainOnPassengerTextbox" finished-at="2023-10-14T13:30:48 IST" duration-ms="106" status="PASS">
          <params>
            <param index="0">
              <value>
                <![CDATA[[TestResult name=Verify_Adult_Increase_Decrease_button status=SUCCESS method=Passengers_Textbox.Verify_Adult_Increase_Decrease_button()[pri:1, instance:testPack.Passengers_Textbox@327514f] output={null}]]]>
              </value>
            </param>
          </params>
          <reporter-output>
          </reporter-output>
        </test-method> <!-- ClickAgainOnPassengerTextbox -->
        <test-method is-config="true" signature="ClickOnPassengerTextbox()[pri:0, instance:testPack.Passengers_Textbox@327514f]" started-at="2023-10-14T13:30:48 IST" name="ClickOnPassengerTextbox" finished-at="2023-10-14T13:30:49 IST" duration-ms="99" status="PASS">
          <reporter-output>
          </reporter-output>
        </test-method> <!-- ClickOnPassengerTextbox -->
        <test-method signature="Verify_Children_Increase_Decrease_Button()[pri:2, instance:testPack.Passengers_Textbox@327514f]" started-at="2023-10-14T13:30:49 IST" name="Verify_Children_Increase_Decrease_Button" finished-at="2023-10-14T13:30:58 IST" duration-ms="9103" status="PASS">
          <reporter-output>
          </reporter-output>
        </test-method> <!-- Verify_Children_Increase_Decrease_Button -->
        <test-method is-config="true" signature="ClickAgainOnPassengerTextbox(org.testng.ITestResult)[pri:0, instance:testPack.Passengers_Textbox@327514f]" started-at="2023-10-14T13:30:58 IST" name="ClickAgainOnPassengerTextbox" finished-at="2023-10-14T13:30:58 IST" duration-ms="174" status="PASS">
          <params>
            <param index="0">
              <value>
                <![CDATA[[TestResult name=Verify_Children_Increase_Decrease_Button status=SUCCESS method=Passengers_Textbox.Verify_Children_Increase_Decrease_Button()[pri:2, instance:testPack.Passengers_Textbox@327514f] output={null}]]]>
              </value>
            </param>
          </params>
          <reporter-output>
          </reporter-output>
        </test-method> <!-- ClickAgainOnPassengerTextbox -->
        <test-method is-config="true" signature="ClickOnPassengerTextbox()[pri:0, instance:testPack.Passengers_Textbox@327514f]" started-at="2023-10-14T13:30:58 IST" name="ClickOnPassengerTextbox" finished-at="2023-10-14T13:30:58 IST" duration-ms="133" status="PASS">
          <reporter-output>
          </reporter-output>
        </test-method> <!-- ClickOnPassengerTextbox -->
        <test-method signature="Verify_Infant_Icrease_Decrease_Button()[pri:3, instance:testPack.Passengers_Textbox@327514f]" started-at="2023-10-14T13:30:58 IST" name="Verify_Infant_Icrease_Decrease_Button" finished-at="2023-10-14T13:31:07 IST" duration-ms="9170" status="PASS">
          <reporter-output>
          </reporter-output>
        </test-method> <!-- Verify_Infant_Icrease_Decrease_Button -->
        <test-method is-config="true" signature="ClickAgainOnPassengerTextbox(org.testng.ITestResult)[pri:0, instance:testPack.Passengers_Textbox@327514f]" started-at="2023-10-14T13:31:07 IST" name="ClickAgainOnPassengerTextbox" finished-at="2023-10-14T13:31:07 IST" duration-ms="90" status="PASS">
          <params>
            <param index="0">
              <value>
                <![CDATA[[TestResult name=Verify_Infant_Icrease_Decrease_Button status=SUCCESS method=Passengers_Textbox.Verify_Infant_Icrease_Decrease_Button()[pri:3, instance:testPack.Passengers_Textbox@327514f] output={null}]]]>
              </value>
            </param>
          </params>
          <reporter-output>
          </reporter-output>
        </test-method> <!-- ClickAgainOnPassengerTextbox -->
        <test-method is-config="true" signature="ClearObject()[pri:0, instance:testPack.Passengers_Textbox@327514f]" started-at="2023-10-14T13:31:07 IST" name="ClearObject" finished-at="2023-10-14T13:31:07 IST" duration-ms="1" status="PASS">
          <reporter-output>
          </reporter-output>
        </test-method> <!-- ClearObject -->
        <test-method is-config="true" signature="Close_The_Browser()[pri:0, instance:testPack.Passengers_Textbox@327514f]" started-at="2023-10-14T13:31:08 IST" name="Close_The_Browser" finished-at="2023-10-14T13:31:08 IST" duration-ms="570" status="PASS">
          <reporter-output>
          </reporter-output>
        </test-method> <!-- Close_The_Browser -->
      </class> <!-- testPack.Passengers_Textbox -->
      <class name="testPack.Calender_Textbox">
        <test-method is-config="true" signature="open_Browser(java.lang.String)[pri:0, instance:testPack.Calender_Textbox@54d9d12d]" started-at="2023-10-14T13:29:31 IST" name="open_Browser" finished-at="2023-10-14T13:29:45 IST" duration-ms="14028" status="PASS">
          <params>
            <param index="0">
              <value>
                <![CDATA[Chrome]]>
              </value>
            </param>
          </params>
          <reporter-output>
          </reporter-output>
        </test-method> <!-- open_Browser -->
        <test-method is-config="true" signature="Creating_POM_Object()[pri:0, instance:testPack.Calender_Textbox@54d9d12d]" started-at="2023-10-14T13:30:14 IST" name="Creating_POM_Object" finished-at="2023-10-14T13:30:14 IST" duration-ms="32" status="PASS">
          <reporter-output>
          </reporter-output>
        </test-method> <!-- Creating_POM_Object -->
        <test-method signature="Verify_Depart_Calender_Side()[pri:1, instance:testPack.Calender_Textbox@54d9d12d]" started-at="2023-10-14T13:30:15 IST" name="Verify_Depart_Calender_Side" finished-at="2023-10-14T13:30:20 IST" duration-ms="5259" status="PASS">
          <reporter-output>
          </reporter-output>
        </test-method> <!-- Verify_Depart_Calender_Side -->
        <test-method is-config="true" signature="TakeScreenshot_Of_Failed_Test_Methods(org.testng.ITestResult)[pri:0, instance:testPack.Calender_Textbox@54d9d12d]" started-at="2023-10-14T13:30:20 IST" name="TakeScreenshot_Of_Failed_Test_Methods" finished-at="2023-10-14T13:30:20 IST" duration-ms="1" status="PASS">
          <params>
            <param index="0">
              <value>
                <![CDATA[[TestResult name=Verify_Depart_Calender_Side status=SUCCESS method=Calender_Textbox.Verify_Depart_Calender_Side()[pri:1, instance:testPack.Calender_Textbox@54d9d12d] output={null}]]]>
              </value>
            </param>
          </params>
          <reporter-output>
          </reporter-output>
        </test-method> <!-- TakeScreenshot_Of_Failed_Test_Methods -->
        <test-method signature="Verify_Return_Calender_Side()[pri:2, instance:testPack.Calender_Textbox@54d9d12d]" started-at="2023-10-14T13:30:20 IST" name="Verify_Return_Calender_Side" finished-at="2023-10-14T13:30:25 IST" duration-ms="5250" status="PASS">
          <reporter-output>
          </reporter-output>
        </test-method> <!-- Verify_Return_Calender_Side -->
        <test-method is-config="true" signature="TakeScreenshot_Of_Failed_Test_Methods(org.testng.ITestResult)[pri:0, instance:testPack.Calender_Textbox@54d9d12d]" started-at="2023-10-14T13:30:25 IST" name="TakeScreenshot_Of_Failed_Test_Methods" finished-at="2023-10-14T13:30:25 IST" duration-ms="1" status="PASS">
          <params>
            <param index="0">
              <value>
                <![CDATA[[TestResult name=Verify_Return_Calender_Side status=SUCCESS method=Calender_Textbox.Verify_Return_Calender_Side()[pri:2, instance:testPack.Calender_Textbox@54d9d12d] output={null}]]]>
              </value>
            </param>
          </params>
          <reporter-output>
          </reporter-output>
        </test-method> <!-- TakeScreenshot_Of_Failed_Test_Methods -->
        <test-method is-config="true" signature="Close_the_Browser()[pri:0, instance:testPack.Calender_Textbox@54d9d12d]" started-at="2023-10-14T13:31:07 IST" name="Close_the_Browser" finished-at="2023-10-14T13:31:07 IST" duration-ms="233" status="PASS">
          <reporter-output>
          </reporter-output>
        </test-method> <!-- Close_the_Browser -->
      </class> <!-- testPack.Calender_Textbox -->
      <class name="testPack.From_and_To_Textbox">
        <test-method is-config="true" signature="Open_the_Browser(java.lang.String)[pri:0, instance:testPack.From_and_To_Textbox@4c402120]" started-at="2023-10-14T13:29:45 IST" name="Open_the_Browser" finished-at="2023-10-14T13:29:58 IST" duration-ms="12375" status="PASS">
          <params>
            <param index="0">
              <value>
                <![CDATA[Chrome]]>
              </value>
            </param>
          </params>
          <reporter-output>
          </reporter-output>
        </test-method> <!-- Open_the_Browser -->
        <test-method is-config="true" signature="CreatingPOM_Object()[pri:0, instance:testPack.From_and_To_Textbox@4c402120]" started-at="2023-10-14T13:30:25 IST" name="CreatingPOM_Object" finished-at="2023-10-14T13:30:25 IST" duration-ms="14" status="PASS">
          <reporter-output>
          </reporter-output>
        </test-method> <!-- CreatingPOM_Object -->
        <test-method signature="Verify_From_Side_Textbox()[pri:1, instance:testPack.From_and_To_Textbox@4c402120]" started-at="2023-10-14T13:30:25 IST" name="Verify_From_Side_Textbox" finished-at="2023-10-14T13:30:30 IST" duration-ms="4699" status="PASS">
          <reporter-output>
          </reporter-output>
        </test-method> <!-- Verify_From_Side_Textbox -->
        <test-method is-config="true" signature="TakeScreenshot_Of_Failed_Test_Methods(org.testng.ITestResult)[pri:0, instance:testPack.From_and_To_Textbox@4c402120]" started-at="2023-10-14T13:30:30 IST" name="TakeScreenshot_Of_Failed_Test_Methods" finished-at="2023-10-14T13:30:30 IST" duration-ms="1" status="PASS">
          <params>
            <param index="0">
              <value>
                <![CDATA[[TestResult name=Verify_From_Side_Textbox status=SUCCESS method=From_and_To_Textbox.Verify_From_Side_Textbox()[pri:1, instance:testPack.From_and_To_Textbox@4c402120] output={null}]]]>
              </value>
            </param>
          </params>
          <reporter-output>
          </reporter-output>
        </test-method> <!-- TakeScreenshot_Of_Failed_Test_Methods -->
        <test-method signature="Verify_TO_Textbox_Side()[pri:2, instance:testPack.From_and_To_Textbox@4c402120]" started-at="2023-10-14T13:30:30 IST" name="Verify_TO_Textbox_Side" finished-at="2023-10-14T13:30:34 IST" duration-ms="4097" status="PASS">
          <reporter-output>
          </reporter-output>
        </test-method> <!-- Verify_TO_Textbox_Side -->
        <test-method is-config="true" signature="TakeScreenshot_Of_Failed_Test_Methods(org.testng.ITestResult)[pri:0, instance:testPack.From_and_To_Textbox@4c402120]" started-at="2023-10-14T13:30:34 IST" name="TakeScreenshot_Of_Failed_Test_Methods" finished-at="2023-10-14T13:30:34 IST" duration-ms="9" status="PASS">
          <params>
            <param index="0">
              <value>
                <![CDATA[[TestResult name=Verify_TO_Textbox_Side status=SUCCESS method=From_and_To_Textbox.Verify_TO_Textbox_Side()[pri:2, instance:testPack.From_and_To_Textbox@4c402120] output={null}]]]>
              </value>
            </param>
          </params>
          <reporter-output>
          </reporter-output>
        </test-method> <!-- TakeScreenshot_Of_Failed_Test_Methods -->
        <test-method is-config="true" signature="Clear_Object()[pri:0, instance:testPack.From_and_To_Textbox@4c402120]" started-at="2023-10-14T13:30:34 IST" name="Clear_Object" finished-at="2023-10-14T13:30:34 IST" duration-ms="1" status="PASS">
          <reporter-output>
          </reporter-output>
        </test-method> <!-- Clear_Object -->
        <test-method is-config="true" signature="Close_the_Browser()[pri:0, instance:testPack.From_and_To_Textbox@4c402120]" started-at="2023-10-14T13:31:07 IST" name="Close_the_Browser" finished-at="2023-10-14T13:31:08 IST" duration-ms="310" status="PASS">
          <reporter-output>
          </reporter-output>
        </test-method> <!-- Close_the_Browser -->
      </class> <!-- testPack.From_and_To_Textbox -->
    </test> <!-- TestAirIndia in Chrome -->
    <test started-at="2023-10-14T13:31:08 IST" name="TestAirIndia in Firefox" finished-at="2023-10-14T13:31:10 IST" duration-ms="1265">
      <class name="testPack.Passengers_Textbox">
        <test-method is-config="true" signature="Open_the_Browser(java.lang.String)[pri:0, instance:testPack.Passengers_Textbox@24269709]" started-at="2023-10-14T13:31:10 IST" name="Open_the_Browser" finished-at="2023-10-14T13:31:10 IST" duration-ms="0" status="SKIP">
          <reporter-output>
          </reporter-output>
        </test-method> <!-- Open_the_Browser -->
        <test-method is-config="true" signature="POM_Class_Object()[pri:0, instance:testPack.Passengers_Textbox@24269709]" started-at="2023-10-14T13:31:10 IST" name="POM_Class_Object" finished-at="2023-10-14T13:31:10 IST" duration-ms="0" status="SKIP">
          <reporter-output>
          </reporter-output>
        </test-method> <!-- POM_Class_Object -->
        <test-method is-config="true" signature="ClickOnPassengerTextbox()[pri:0, instance:testPack.Passengers_Textbox@24269709]" started-at="2023-10-14T13:31:10 IST" name="ClickOnPassengerTextbox" finished-at="2023-10-14T13:31:10 IST" duration-ms="0" status="SKIP">
          <reporter-output>
          </reporter-output>
        </test-method> <!-- ClickOnPassengerTextbox -->
        <test-method signature="Verify_Adult_Increase_Decrease_button()[pri:1, instance:testPack.Passengers_Textbox@24269709]" started-at="2023-10-14T13:31:10 IST" name="Verify_Adult_Increase_Decrease_button" finished-at="2023-10-14T13:31:10 IST" duration-ms="0" status="SKIP">
          <exception class="org.openqa.selenium.remote.NoSuchDriverException">
            <message>
              <![CDATA[geckodriver located at C:\Users\lenovo\Documents\Automation\Selenium\geckodriver.exe, but invalid
For documentation on this error, please visit: https://www.selenium.dev/documentation/webdriver/troubleshooting/errors/driver_location/
Build info: version: '4.10.0', revision: 'c14d967899'
System info: os.name: 'Windows 10', os.arch: 'amd64', os.version: '10.0', java.version: '18.0.2.1'
Driver info: driver.version: FirefoxDriver]]>
            </message>
            <full-stacktrace>
              <![CDATA[org.openqa.selenium.remote.NoSuchDriverException: geckodriver located at C:\Users\lenovo\Documents\Automation\Selenium\geckodriver.exe, but invalid
For documentation on this error, please visit: https://www.selenium.dev/documentation/webdriver/troubleshooting/errors/driver_location/
Build info: version: '4.10.0', revision: 'c14d967899'
System info: os.name: 'Windows 10', os.arch: 'amd64', os.version: '10.0', java.version: '18.0.2.1'
Driver info: driver.version: FirefoxDriver
at org.openqa.selenium.remote.service.DriverFinder.getPath(DriverFinder.java:45)
at org.openqa.selenium.firefox.FirefoxDriver.generateExecutor(FirefoxDriver.java:139)
at org.openqa.selenium.firefox.FirefoxDriver.<init>(FirefoxDriver.java:130)
at org.openqa.selenium.firefox.FirefoxDriver.<init>(FirefoxDriver.java:125)
at org.openqa.selenium.firefox.FirefoxDriver.<init>(FirefoxDriver.java:110)
at org.openqa.selenium.firefox.FirefoxDriver.<init>(FirefoxDriver.java:100)
at testPack.Calender_Textbox.open_Browser(Calender_Textbox.java:56)
at java.base/jdk.internal.reflect.DirectMethodHandleAccessor.invoke(DirectMethodHandleAccessor.java:104)
at java.base/java.lang.reflect.Method.invoke(Method.java:577)
at org.testng.internal.invokers.MethodInvocationHelper.invokeMethod(MethodInvocationHelper.java:139)
at org.testng.internal.invokers.MethodInvocationHelper.invokeMethodConsideringTimeout(MethodInvocationHelper.java:69)
at org.testng.internal.invokers.ConfigInvoker.invokeConfigurationMethod(ConfigInvoker.java:390)
at org.testng.internal.invokers.ConfigInvoker.invokeConfigurations(ConfigInvoker.java:325)
at org.testng.TestRunner.invokeTestConfigurations(TestRunner.java:663)
at org.testng.TestRunner.beforeRun(TestRunner.java:652)
at org.testng.TestRunner.run(TestRunner.java:614)
at org.testng.SuiteRunner.runTest(SuiteRunner.java:443)
at org.testng.SuiteRunner.runSequentially(SuiteRunner.java:437)
at org.testng.SuiteRunner.privateRun(SuiteRunner.java:397)
at org.testng.SuiteRunner.run(SuiteRunner.java:336)
at org.testng.SuiteRunnerWorker.runSuite(SuiteRunnerWorker.java:52)
at org.testng.SuiteRunnerWorker.run(SuiteRunnerWorker.java:95)
at org.testng.TestNG.runSuitesSequentially(TestNG.java:1280)
at org.testng.TestNG.runSuitesLocally(TestNG.java:1200)
at org.testng.TestNG.runSuites(TestNG.java:1114)
at org.testng.TestNG.run(TestNG.java:1082)
at org.testng.remote.AbstractRemoteTestNG.run(AbstractRemoteTestNG.java:115)
at org.testng.remote.RemoteTestNG.initAndRun(RemoteTestNG.java:251)
at org.testng.remote.RemoteTestNG.main(RemoteTestNG.java:77)
]]>
            </full-stacktrace>
          </exception> <!-- org.openqa.selenium.remote.NoSuchDriverException -->
          <reporter-output>
          </reporter-output>
        </test-method> <!-- Verify_Adult_Increase_Decrease_button -->
        <test-method is-config="true" signature="ClickAgainOnPassengerTextbox(org.testng.ITestResult)[pri:0, instance:testPack.Passengers_Textbox@24269709]" started-at="2023-10-14T13:31:10 IST" name="ClickAgainOnPassengerTextbox" finished-at="2023-10-14T13:31:10 IST" duration-ms="0" status="SKIP">
          <reporter-output>
          </reporter-output>
        </test-method> <!-- ClickAgainOnPassengerTextbox -->
        <test-method is-config="true" signature="ClickOnPassengerTextbox()[pri:0, instance:testPack.Passengers_Textbox@24269709]" started-at="2023-10-14T13:31:10 IST" name="ClickOnPassengerTextbox" finished-at="2023-10-14T13:31:10 IST" duration-ms="0" status="SKIP">
          <reporter-output>
          </reporter-output>
        </test-method> <!-- ClickOnPassengerTextbox -->
        <test-method signature="Verify_Children_Increase_Decrease_Button()[pri:2, instance:testPack.Passengers_Textbox@24269709]" started-at="2023-10-14T13:31:10 IST" name="Verify_Children_Increase_Decrease_Button" finished-at="2023-10-14T13:31:10 IST" duration-ms="0" status="SKIP">
          <exception class="org.openqa.selenium.remote.NoSuchDriverException">
            <message>
              <![CDATA[geckodriver located at C:\Users\lenovo\Documents\Automation\Selenium\geckodriver.exe, but invalid
For documentation on this error, please visit: https://www.selenium.dev/documentation/webdriver/troubleshooting/errors/driver_location/
Build info: version: '4.10.0', revision: 'c14d967899'
System info: os.name: 'Windows 10', os.arch: 'amd64', os.version: '10.0', java.version: '18.0.2.1'
Driver info: driver.version: FirefoxDriver]]>
            </message>
            <full-stacktrace>
              <![CDATA[org.openqa.selenium.remote.NoSuchDriverException: geckodriver located at C:\Users\lenovo\Documents\Automation\Selenium\geckodriver.exe, but invalid
For documentation on this error, please visit: https://www.selenium.dev/documentation/webdriver/troubleshooting/errors/driver_location/
Build info: version: '4.10.0', revision: 'c14d967899'
System info: os.name: 'Windows 10', os.arch: 'amd64', os.version: '10.0', java.version: '18.0.2.1'
Driver info: driver.version: FirefoxDriver
at org.openqa.selenium.remote.service.DriverFinder.getPath(DriverFinder.java:45)
at org.openqa.selenium.firefox.FirefoxDriver.generateExecutor(FirefoxDriver.java:139)
at org.openqa.selenium.firefox.FirefoxDriver.<init>(FirefoxDriver.java:130)
at org.openqa.selenium.firefox.FirefoxDriver.<init>(FirefoxDriver.java:125)
at org.openqa.selenium.firefox.FirefoxDriver.<init>(FirefoxDriver.java:110)
at org.openqa.selenium.firefox.FirefoxDriver.<init>(FirefoxDriver.java:100)
at testPack.Calender_Textbox.open_Browser(Calender_Textbox.java:56)
at java.base/jdk.internal.reflect.DirectMethodHandleAccessor.invoke(DirectMethodHandleAccessor.java:104)
at java.base/java.lang.reflect.Method.invoke(Method.java:577)
at org.testng.internal.invokers.MethodInvocationHelper.invokeMethod(MethodInvocationHelper.java:139)
at org.testng.internal.invokers.MethodInvocationHelper.invokeMethodConsideringTimeout(MethodInvocationHelper.java:69)
at org.testng.internal.invokers.ConfigInvoker.invokeConfigurationMethod(ConfigInvoker.java:390)
at org.testng.internal.invokers.ConfigInvoker.invokeConfigurations(ConfigInvoker.java:325)
at org.testng.TestRunner.invokeTestConfigurations(TestRunner.java:663)
at org.testng.TestRunner.beforeRun(TestRunner.java:652)
at org.testng.TestRunner.run(TestRunner.java:614)
at org.testng.SuiteRunner.runTest(SuiteRunner.java:443)
at org.testng.SuiteRunner.runSequentially(SuiteRunner.java:437)
at org.testng.SuiteRunner.privateRun(SuiteRunner.java:397)
at org.testng.SuiteRunner.run(SuiteRunner.java:336)
at org.testng.SuiteRunnerWorker.runSuite(SuiteRunnerWorker.java:52)
at org.testng.SuiteRunnerWorker.run(SuiteRunnerWorker.java:95)
at org.testng.TestNG.runSuitesSequentially(TestNG.java:1280)
at org.testng.TestNG.runSuitesLocally(TestNG.java:1200)
at org.testng.TestNG.runSuites(TestNG.java:1114)
at org.testng.TestNG.run(TestNG.java:1082)
at org.testng.remote.AbstractRemoteTestNG.run(AbstractRemoteTestNG.java:115)
at org.testng.remote.RemoteTestNG.initAndRun(RemoteTestNG.java:251)
at org.testng.remote.RemoteTestNG.main(RemoteTestNG.java:77)
]]>
            </full-stacktrace>
          </exception> <!-- org.openqa.selenium.remote.NoSuchDriverException -->
          <reporter-output>
          </reporter-output>
        </test-method> <!-- Verify_Children_Increase_Decrease_Button -->
        <test-method is-config="true" signature="ClickAgainOnPassengerTextbox(org.testng.ITestResult)[pri:0, instance:testPack.Passengers_Textbox@24269709]" started-at="2023-10-14T13:31:10 IST" name="ClickAgainOnPassengerTextbox" finished-at="2023-10-14T13:31:10 IST" duration-ms="0" status="SKIP">
          <reporter-output>
          </reporter-output>
        </test-method> <!-- ClickAgainOnPassengerTextbox -->
        <test-method is-config="true" signature="ClickOnPassengerTextbox()[pri:0, instance:testPack.Passengers_Textbox@24269709]" started-at="2023-10-14T13:31:10 IST" name="ClickOnPassengerTextbox" finished-at="2023-10-14T13:31:10 IST" duration-ms="0" status="SKIP">
          <reporter-output>
          </reporter-output>
        </test-method> <!-- ClickOnPassengerTextbox -->
        <test-method signature="Verify_Infant_Icrease_Decrease_Button()[pri:3, instance:testPack.Passengers_Textbox@24269709]" started-at="2023-10-14T13:31:10 IST" name="Verify_Infant_Icrease_Decrease_Button" finished-at="2023-10-14T13:31:10 IST" duration-ms="0" status="SKIP">
          <exception class="org.openqa.selenium.remote.NoSuchDriverException">
            <message>
              <![CDATA[geckodriver located at C:\Users\lenovo\Documents\Automation\Selenium\geckodriver.exe, but invalid
For documentation on this error, please visit: https://www.selenium.dev/documentation/webdriver/troubleshooting/errors/driver_location/
Build info: version: '4.10.0', revision: 'c14d967899'
System info: os.name: 'Windows 10', os.arch: 'amd64', os.version: '10.0', java.version: '18.0.2.1'
Driver info: driver.version: FirefoxDriver]]>
            </message>
            <full-stacktrace>
              <![CDATA[org.openqa.selenium.remote.NoSuchDriverException: geckodriver located at C:\Users\lenovo\Documents\Automation\Selenium\geckodriver.exe, but invalid
For documentation on this error, please visit: https://www.selenium.dev/documentation/webdriver/troubleshooting/errors/driver_location/
Build info: version: '4.10.0', revision: 'c14d967899'
System info: os.name: 'Windows 10', os.arch: 'amd64', os.version: '10.0', java.version: '18.0.2.1'
Driver info: driver.version: FirefoxDriver
at org.openqa.selenium.remote.service.DriverFinder.getPath(DriverFinder.java:45)
at org.openqa.selenium.firefox.FirefoxDriver.generateExecutor(FirefoxDriver.java:139)
at org.openqa.selenium.firefox.FirefoxDriver.<init>(FirefoxDriver.java:130)
at org.openqa.selenium.firefox.FirefoxDriver.<init>(FirefoxDriver.java:125)
at org.openqa.selenium.firefox.FirefoxDriver.<init>(FirefoxDriver.java:110)
at org.openqa.selenium.firefox.FirefoxDriver.<init>(FirefoxDriver.java:100)
at testPack.Calender_Textbox.open_Browser(Calender_Textbox.java:56)
at java.base/jdk.internal.reflect.DirectMethodHandleAccessor.invoke(DirectMethodHandleAccessor.java:104)
at java.base/java.lang.reflect.Method.invoke(Method.java:577)
at org.testng.internal.invokers.MethodInvocationHelper.invokeMethod(MethodInvocationHelper.java:139)
at org.testng.internal.invokers.MethodInvocationHelper.invokeMethodConsideringTimeout(MethodInvocationHelper.java:69)
at org.testng.internal.invokers.ConfigInvoker.invokeConfigurationMethod(ConfigInvoker.java:390)
at org.testng.internal.invokers.ConfigInvoker.invokeConfigurations(ConfigInvoker.java:325)
at org.testng.TestRunner.invokeTestConfigurations(TestRunner.java:663)
at org.testng.TestRunner.beforeRun(TestRunner.java:652)
at org.testng.TestRunner.run(TestRunner.java:614)
at org.testng.SuiteRunner.runTest(SuiteRunner.java:443)
at org.testng.SuiteRunner.runSequentially(SuiteRunner.java:437)
at org.testng.SuiteRunner.privateRun(SuiteRunner.java:397)
at org.testng.SuiteRunner.run(SuiteRunner.java:336)
at org.testng.SuiteRunnerWorker.runSuite(SuiteRunnerWorker.java:52)
at org.testng.SuiteRunnerWorker.run(SuiteRunnerWorker.java:95)
at org.testng.TestNG.runSuitesSequentially(TestNG.java:1280)
at org.testng.TestNG.runSuitesLocally(TestNG.java:1200)
at org.testng.TestNG.runSuites(TestNG.java:1114)
at org.testng.TestNG.run(TestNG.java:1082)
at org.testng.remote.AbstractRemoteTestNG.run(AbstractRemoteTestNG.java:115)
at org.testng.remote.RemoteTestNG.initAndRun(RemoteTestNG.java:251)
at org.testng.remote.RemoteTestNG.main(RemoteTestNG.java:77)
]]>
            </full-stacktrace>
          </exception> <!-- org.openqa.selenium.remote.NoSuchDriverException -->
          <reporter-output>
          </reporter-output>
        </test-method> <!-- Verify_Infant_Icrease_Decrease_Button -->
        <test-method is-config="true" signature="ClickAgainOnPassengerTextbox(org.testng.ITestResult)[pri:0, instance:testPack.Passengers_Textbox@24269709]" started-at="2023-10-14T13:31:10 IST" name="ClickAgainOnPassengerTextbox" finished-at="2023-10-14T13:31:10 IST" duration-ms="0" status="SKIP">
          <reporter-output>
          </reporter-output>
        </test-method> <!-- ClickAgainOnPassengerTextbox -->
        <test-method is-config="true" signature="ClearObject()[pri:0, instance:testPack.Passengers_Textbox@24269709]" started-at="2023-10-14T13:31:10 IST" name="ClearObject" finished-at="2023-10-14T13:31:10 IST" duration-ms="0" status="SKIP">
          <reporter-output>
          </reporter-output>
        </test-method> <!-- ClearObject -->
        <test-method is-config="true" signature="Close_The_Browser()[pri:0, instance:testPack.Passengers_Textbox@24269709]" started-at="2023-10-14T13:31:10 IST" name="Close_The_Browser" finished-at="2023-10-14T13:31:10 IST" duration-ms="0" status="SKIP">
          <reporter-output>
          </reporter-output>
        </test-method> <!-- Close_The_Browser -->
      </class> <!-- testPack.Passengers_Textbox -->
      <class name="testPack.Calender_Textbox">
        <test-method is-config="true" signature="open_Browser(java.lang.String)[pri:0, instance:testPack.Calender_Textbox@2aceadd4]" started-at="2023-10-14T13:31:08 IST" name="open_Browser" finished-at="2023-10-14T13:31:10 IST" duration-ms="1111" status="FAIL">
          <params>
            <param index="0">
              <value>
                <![CDATA[Firefox]]>
              </value>
            </param>
          </params>
          <exception class="org.openqa.selenium.remote.NoSuchDriverException">
            <message>
              <![CDATA[geckodriver located at C:\Users\lenovo\Documents\Automation\Selenium\geckodriver.exe, but invalid
For documentation on this error, please visit: https://www.selenium.dev/documentation/webdriver/troubleshooting/errors/driver_location/
Build info: version: '4.10.0', revision: 'c14d967899'
System info: os.name: 'Windows 10', os.arch: 'amd64', os.version: '10.0', java.version: '18.0.2.1'
Driver info: driver.version: FirefoxDriver]]>
            </message>
            <full-stacktrace>
              <![CDATA[org.openqa.selenium.remote.NoSuchDriverException: geckodriver located at C:\Users\lenovo\Documents\Automation\Selenium\geckodriver.exe, but invalid
For documentation on this error, please visit: https://www.selenium.dev/documentation/webdriver/troubleshooting/errors/driver_location/
Build info: version: '4.10.0', revision: 'c14d967899'
System info: os.name: 'Windows 10', os.arch: 'amd64', os.version: '10.0', java.version: '18.0.2.1'
Driver info: driver.version: FirefoxDriver
at org.openqa.selenium.remote.service.DriverFinder.getPath(DriverFinder.java:45)
at org.openqa.selenium.firefox.FirefoxDriver.generateExecutor(FirefoxDriver.java:139)
at org.openqa.selenium.firefox.FirefoxDriver.<init>(FirefoxDriver.java:130)
at org.openqa.selenium.firefox.FirefoxDriver.<init>(FirefoxDriver.java:125)
at org.openqa.selenium.firefox.FirefoxDriver.<init>(FirefoxDriver.java:110)
at org.openqa.selenium.firefox.FirefoxDriver.<init>(FirefoxDriver.java:100)
at testPack.Calender_Textbox.open_Browser(Calender_Textbox.java:56)
at java.base/jdk.internal.reflect.DirectMethodHandleAccessor.invoke(DirectMethodHandleAccessor.java:104)
at java.base/java.lang.reflect.Method.invoke(Method.java:577)
at org.testng.internal.invokers.MethodInvocationHelper.invokeMethod(MethodInvocationHelper.java:139)
at org.testng.internal.invokers.MethodInvocationHelper.invokeMethodConsideringTimeout(MethodInvocationHelper.java:69)
at org.testng.internal.invokers.ConfigInvoker.invokeConfigurationMethod(ConfigInvoker.java:390)
at org.testng.internal.invokers.ConfigInvoker.invokeConfigurations(ConfigInvoker.java:325)
at org.testng.TestRunner.invokeTestConfigurations(TestRunner.java:663)
at org.testng.TestRunner.beforeRun(TestRunner.java:652)
at org.testng.TestRunner.run(TestRunner.java:614)
at org.testng.SuiteRunner.runTest(SuiteRunner.java:443)
at org.testng.SuiteRunner.runSequentially(SuiteRunner.java:437)
at org.testng.SuiteRunner.privateRun(SuiteRunner.java:397)
at org.testng.SuiteRunner.run(SuiteRunner.java:336)
at org.testng.SuiteRunnerWorker.runSuite(SuiteRunnerWorker.java:52)
at org.testng.SuiteRunnerWorker.run(SuiteRunnerWorker.java:95)
at org.testng.TestNG.runSuitesSequentially(TestNG.java:1280)
at org.testng.TestNG.runSuitesLocally(TestNG.java:1200)
at org.testng.TestNG.runSuites(TestNG.java:1114)
at org.testng.TestNG.run(TestNG.java:1082)
at org.testng.remote.AbstractRemoteTestNG.run(AbstractRemoteTestNG.java:115)
at org.testng.remote.RemoteTestNG.initAndRun(RemoteTestNG.java:251)
at org.testng.remote.RemoteTestNG.main(RemoteTestNG.java:77)
]]>
            </full-stacktrace>
          </exception> <!-- org.openqa.selenium.remote.NoSuchDriverException -->
          <reporter-output>
          </reporter-output>
        </test-method> <!-- open_Browser -->
        <test-method is-config="true" signature="Creating_POM_Object()[pri:0, instance:testPack.Calender_Textbox@2aceadd4]" started-at="2023-10-14T13:31:10 IST" name="Creating_POM_Object" finished-at="2023-10-14T13:31:10 IST" duration-ms="0" status="SKIP">
          <reporter-output>
          </reporter-output>
        </test-method> <!-- Creating_POM_Object -->
        <test-method signature="Verify_Depart_Calender_Side()[pri:1, instance:testPack.Calender_Textbox@2aceadd4]" started-at="2023-10-14T13:31:10 IST" name="Verify_Depart_Calender_Side" finished-at="2023-10-14T13:31:10 IST" duration-ms="0" status="SKIP">
          <exception class="org.openqa.selenium.remote.NoSuchDriverException">
            <message>
              <![CDATA[geckodriver located at C:\Users\lenovo\Documents\Automation\Selenium\geckodriver.exe, but invalid
For documentation on this error, please visit: https://www.selenium.dev/documentation/webdriver/troubleshooting/errors/driver_location/
Build info: version: '4.10.0', revision: 'c14d967899'
System info: os.name: 'Windows 10', os.arch: 'amd64', os.version: '10.0', java.version: '18.0.2.1'
Driver info: driver.version: FirefoxDriver]]>
            </message>
            <full-stacktrace>
              <![CDATA[org.openqa.selenium.remote.NoSuchDriverException: geckodriver located at C:\Users\lenovo\Documents\Automation\Selenium\geckodriver.exe, but invalid
For documentation on this error, please visit: https://www.selenium.dev/documentation/webdriver/troubleshooting/errors/driver_location/
Build info: version: '4.10.0', revision: 'c14d967899'
System info: os.name: 'Windows 10', os.arch: 'amd64', os.version: '10.0', java.version: '18.0.2.1'
Driver info: driver.version: FirefoxDriver
at org.openqa.selenium.remote.service.DriverFinder.getPath(DriverFinder.java:45)
at org.openqa.selenium.firefox.FirefoxDriver.generateExecutor(FirefoxDriver.java:139)
at org.openqa.selenium.firefox.FirefoxDriver.<init>(FirefoxDriver.java:130)
at org.openqa.selenium.firefox.FirefoxDriver.<init>(FirefoxDriver.java:125)
at org.openqa.selenium.firefox.FirefoxDriver.<init>(FirefoxDriver.java:110)
at org.openqa.selenium.firefox.FirefoxDriver.<init>(FirefoxDriver.java:100)
at testPack.Calender_Textbox.open_Browser(Calender_Textbox.java:56)
at java.base/jdk.internal.reflect.DirectMethodHandleAccessor.invoke(DirectMethodHandleAccessor.java:104)
at java.base/java.lang.reflect.Method.invoke(Method.java:577)
at org.testng.internal.invokers.MethodInvocationHelper.invokeMethod(MethodInvocationHelper.java:139)
at org.testng.internal.invokers.MethodInvocationHelper.invokeMethodConsideringTimeout(MethodInvocationHelper.java:69)
at org.testng.internal.invokers.ConfigInvoker.invokeConfigurationMethod(ConfigInvoker.java:390)
at org.testng.internal.invokers.ConfigInvoker.invokeConfigurations(ConfigInvoker.java:325)
at org.testng.TestRunner.invokeTestConfigurations(TestRunner.java:663)
at org.testng.TestRunner.beforeRun(TestRunner.java:652)
at org.testng.TestRunner.run(TestRunner.java:614)
at org.testng.SuiteRunner.runTest(SuiteRunner.java:443)
at org.testng.SuiteRunner.runSequentially(SuiteRunner.java:437)
at org.testng.SuiteRunner.privateRun(SuiteRunner.java:397)
at org.testng.SuiteRunner.run(SuiteRunner.java:336)
at org.testng.SuiteRunnerWorker.runSuite(SuiteRunnerWorker.java:52)
at org.testng.SuiteRunnerWorker.run(SuiteRunnerWorker.java:95)
at org.testng.TestNG.runSuitesSequentially(TestNG.java:1280)
at org.testng.TestNG.runSuitesLocally(TestNG.java:1200)
at org.testng.TestNG.runSuites(TestNG.java:1114)
at org.testng.TestNG.run(TestNG.java:1082)
at org.testng.remote.AbstractRemoteTestNG.run(AbstractRemoteTestNG.java:115)
at org.testng.remote.RemoteTestNG.initAndRun(RemoteTestNG.java:251)
at org.testng.remote.RemoteTestNG.main(RemoteTestNG.java:77)
]]>
            </full-stacktrace>
          </exception> <!-- org.openqa.selenium.remote.NoSuchDriverException -->
          <reporter-output>
          </reporter-output>
        </test-method> <!-- Verify_Depart_Calender_Side -->
        <test-method is-config="true" signature="TakeScreenshot_Of_Failed_Test_Methods(org.testng.ITestResult)[pri:0, instance:testPack.Calender_Textbox@2aceadd4]" started-at="2023-10-14T13:31:10 IST" name="TakeScreenshot_Of_Failed_Test_Methods" finished-at="2023-10-14T13:31:10 IST" duration-ms="0" status="SKIP">
          <reporter-output>
          </reporter-output>
        </test-method> <!-- TakeScreenshot_Of_Failed_Test_Methods -->
        <test-method signature="Verify_Return_Calender_Side()[pri:2, instance:testPack.Calender_Textbox@2aceadd4]" started-at="2023-10-14T13:31:10 IST" name="Verify_Return_Calender_Side" finished-at="2023-10-14T13:31:10 IST" duration-ms="0" status="SKIP">
          <exception class="org.openqa.selenium.remote.NoSuchDriverException">
            <message>
              <![CDATA[geckodriver located at C:\Users\lenovo\Documents\Automation\Selenium\geckodriver.exe, but invalid
For documentation on this error, please visit: https://www.selenium.dev/documentation/webdriver/troubleshooting/errors/driver_location/
Build info: version: '4.10.0', revision: 'c14d967899'
System info: os.name: 'Windows 10', os.arch: 'amd64', os.version: '10.0', java.version: '18.0.2.1'
Driver info: driver.version: FirefoxDriver]]>
            </message>
            <full-stacktrace>
              <![CDATA[org.openqa.selenium.remote.NoSuchDriverException: geckodriver located at C:\Users\lenovo\Documents\Automation\Selenium\geckodriver.exe, but invalid
For documentation on this error, please visit: https://www.selenium.dev/documentation/webdriver/troubleshooting/errors/driver_location/
Build info: version: '4.10.0', revision: 'c14d967899'
System info: os.name: 'Windows 10', os.arch: 'amd64', os.version: '10.0', java.version: '18.0.2.1'
Driver info: driver.version: FirefoxDriver
at org.openqa.selenium.remote.service.DriverFinder.getPath(DriverFinder.java:45)
at org.openqa.selenium.firefox.FirefoxDriver.generateExecutor(FirefoxDriver.java:139)
at org.openqa.selenium.firefox.FirefoxDriver.<init>(FirefoxDriver.java:130)
at org.openqa.selenium.firefox.FirefoxDriver.<init>(FirefoxDriver.java:125)
at org.openqa.selenium.firefox.FirefoxDriver.<init>(FirefoxDriver.java:110)
at org.openqa.selenium.firefox.FirefoxDriver.<init>(FirefoxDriver.java:100)
at testPack.Calender_Textbox.open_Browser(Calender_Textbox.java:56)
at java.base/jdk.internal.reflect.DirectMethodHandleAccessor.invoke(DirectMethodHandleAccessor.java:104)
at java.base/java.lang.reflect.Method.invoke(Method.java:577)
at org.testng.internal.invokers.MethodInvocationHelper.invokeMethod(MethodInvocationHelper.java:139)
at org.testng.internal.invokers.MethodInvocationHelper.invokeMethodConsideringTimeout(MethodInvocationHelper.java:69)
at org.testng.internal.invokers.ConfigInvoker.invokeConfigurationMethod(ConfigInvoker.java:390)
at org.testng.internal.invokers.ConfigInvoker.invokeConfigurations(ConfigInvoker.java:325)
at org.testng.TestRunner.invokeTestConfigurations(TestRunner.java:663)
at org.testng.TestRunner.beforeRun(TestRunner.java:652)
at org.testng.TestRunner.run(TestRunner.java:614)
at org.testng.SuiteRunner.runTest(SuiteRunner.java:443)
at org.testng.SuiteRunner.runSequentially(SuiteRunner.java:437)
at org.testng.SuiteRunner.privateRun(SuiteRunner.java:397)
at org.testng.SuiteRunner.run(SuiteRunner.java:336)
at org.testng.SuiteRunnerWorker.runSuite(SuiteRunnerWorker.java:52)
at org.testng.SuiteRunnerWorker.run(SuiteRunnerWorker.java:95)
at org.testng.TestNG.runSuitesSequentially(TestNG.java:1280)
at org.testng.TestNG.runSuitesLocally(TestNG.java:1200)
at org.testng.TestNG.runSuites(TestNG.java:1114)
at org.testng.TestNG.run(TestNG.java:1082)
at org.testng.remote.AbstractRemoteTestNG.run(AbstractRemoteTestNG.java:115)
at org.testng.remote.RemoteTestNG.initAndRun(RemoteTestNG.java:251)
at org.testng.remote.RemoteTestNG.main(RemoteTestNG.java:77)
]]>
            </full-stacktrace>
          </exception> <!-- org.openqa.selenium.remote.NoSuchDriverException -->
          <reporter-output>
          </reporter-output>
        </test-method> <!-- Verify_Return_Calender_Side -->
        <test-method is-config="true" signature="TakeScreenshot_Of_Failed_Test_Methods(org.testng.ITestResult)[pri:0, instance:testPack.Calender_Textbox@2aceadd4]" started-at="2023-10-14T13:31:10 IST" name="TakeScreenshot_Of_Failed_Test_Methods" finished-at="2023-10-14T13:31:10 IST" duration-ms="0" status="SKIP">
          <reporter-output>
          </reporter-output>
        </test-method> <!-- TakeScreenshot_Of_Failed_Test_Methods -->
        <test-method is-config="true" signature="Close_the_Browser()[pri:0, instance:testPack.Calender_Textbox@2aceadd4]" started-at="2023-10-14T13:31:10 IST" name="Close_the_Browser" finished-at="2023-10-14T13:31:10 IST" duration-ms="0" status="SKIP">
          <reporter-output>
          </reporter-output>
        </test-method> <!-- Close_the_Browser -->
      </class> <!-- testPack.Calender_Textbox -->
      <class name="testPack.From_and_To_Textbox">
        <test-method is-config="true" signature="Open_the_Browser(java.lang.String)[pri:0, instance:testPack.From_and_To_Textbox@7a8c8dcf]" started-at="2023-10-14T13:31:10 IST" name="Open_the_Browser" finished-at="2023-10-14T13:31:10 IST" duration-ms="0" status="SKIP">
          <reporter-output>
          </reporter-output>
        </test-method> <!-- Open_the_Browser -->
        <test-method is-config="true" signature="CreatingPOM_Object()[pri:0, instance:testPack.From_and_To_Textbox@7a8c8dcf]" started-at="2023-10-14T13:31:10 IST" name="CreatingPOM_Object" finished-at="2023-10-14T13:31:10 IST" duration-ms="0" status="SKIP">
          <reporter-output>
          </reporter-output>
        </test-method> <!-- CreatingPOM_Object -->
        <test-method signature="Verify_From_Side_Textbox()[pri:1, instance:testPack.From_and_To_Textbox@7a8c8dcf]" started-at="2023-10-14T13:31:10 IST" name="Verify_From_Side_Textbox" finished-at="2023-10-14T13:31:10 IST" duration-ms="0" status="SKIP">
          <exception class="org.openqa.selenium.remote.NoSuchDriverException">
            <message>
              <![CDATA[geckodriver located at C:\Users\lenovo\Documents\Automation\Selenium\geckodriver.exe, but invalid
For documentation on this error, please visit: https://www.selenium.dev/documentation/webdriver/troubleshooting/errors/driver_location/
Build info: version: '4.10.0', revision: 'c14d967899'
System info: os.name: 'Windows 10', os.arch: 'amd64', os.version: '10.0', java.version: '18.0.2.1'
Driver info: driver.version: FirefoxDriver]]>
            </message>
            <full-stacktrace>
              <![CDATA[org.openqa.selenium.remote.NoSuchDriverException: geckodriver located at C:\Users\lenovo\Documents\Automation\Selenium\geckodriver.exe, but invalid
For documentation on this error, please visit: https://www.selenium.dev/documentation/webdriver/troubleshooting/errors/driver_location/
Build info: version: '4.10.0', revision: 'c14d967899'
System info: os.name: 'Windows 10', os.arch: 'amd64', os.version: '10.0', java.version: '18.0.2.1'
Driver info: driver.version: FirefoxDriver
at org.openqa.selenium.remote.service.DriverFinder.getPath(DriverFinder.java:45)
at org.openqa.selenium.firefox.FirefoxDriver.generateExecutor(FirefoxDriver.java:139)
at org.openqa.selenium.firefox.FirefoxDriver.<init>(FirefoxDriver.java:130)
at org.openqa.selenium.firefox.FirefoxDriver.<init>(FirefoxDriver.java:125)
at org.openqa.selenium.firefox.FirefoxDriver.<init>(FirefoxDriver.java:110)
at org.openqa.selenium.firefox.FirefoxDriver.<init>(FirefoxDriver.java:100)
at testPack.Calender_Textbox.open_Browser(Calender_Textbox.java:56)
at java.base/jdk.internal.reflect.DirectMethodHandleAccessor.invoke(DirectMethodHandleAccessor.java:104)
at java.base/java.lang.reflect.Method.invoke(Method.java:577)
at org.testng.internal.invokers.MethodInvocationHelper.invokeMethod(MethodInvocationHelper.java:139)
at org.testng.internal.invokers.MethodInvocationHelper.invokeMethodConsideringTimeout(MethodInvocationHelper.java:69)
at org.testng.internal.invokers.ConfigInvoker.invokeConfigurationMethod(ConfigInvoker.java:390)
at org.testng.internal.invokers.ConfigInvoker.invokeConfigurations(ConfigInvoker.java:325)
at org.testng.TestRunner.invokeTestConfigurations(TestRunner.java:663)
at org.testng.TestRunner.beforeRun(TestRunner.java:652)
at org.testng.TestRunner.run(TestRunner.java:614)
at org.testng.SuiteRunner.runTest(SuiteRunner.java:443)
at org.testng.SuiteRunner.runSequentially(SuiteRunner.java:437)
at org.testng.SuiteRunner.privateRun(SuiteRunner.java:397)
at org.testng.SuiteRunner.run(SuiteRunner.java:336)
at org.testng.SuiteRunnerWorker.runSuite(SuiteRunnerWorker.java:52)
at org.testng.SuiteRunnerWorker.run(SuiteRunnerWorker.java:95)
at org.testng.TestNG.runSuitesSequentially(TestNG.java:1280)
at org.testng.TestNG.runSuitesLocally(TestNG.java:1200)
at org.testng.TestNG.runSuites(TestNG.java:1114)
at org.testng.TestNG.run(TestNG.java:1082)
at org.testng.remote.AbstractRemoteTestNG.run(AbstractRemoteTestNG.java:115)
at org.testng.remote.RemoteTestNG.initAndRun(RemoteTestNG.java:251)
at org.testng.remote.RemoteTestNG.main(RemoteTestNG.java:77)
]]>
            </full-stacktrace>
          </exception> <!-- org.openqa.selenium.remote.NoSuchDriverException -->
          <reporter-output>
          </reporter-output>
        </test-method> <!-- Verify_From_Side_Textbox -->
        <test-method is-config="true" signature="TakeScreenshot_Of_Failed_Test_Methods(org.testng.ITestResult)[pri:0, instance:testPack.From_and_To_Textbox@7a8c8dcf]" started-at="2023-10-14T13:31:10 IST" name="TakeScreenshot_Of_Failed_Test_Methods" finished-at="2023-10-14T13:31:10 IST" duration-ms="0" status="SKIP">
          <reporter-output>
          </reporter-output>
        </test-method> <!-- TakeScreenshot_Of_Failed_Test_Methods -->
        <test-method signature="Verify_TO_Textbox_Side()[pri:2, instance:testPack.From_and_To_Textbox@7a8c8dcf]" started-at="2023-10-14T13:31:10 IST" name="Verify_TO_Textbox_Side" finished-at="2023-10-14T13:31:10 IST" duration-ms="0" status="SKIP">
          <exception class="org.openqa.selenium.remote.NoSuchDriverException">
            <message>
              <![CDATA[geckodriver located at C:\Users\lenovo\Documents\Automation\Selenium\geckodriver.exe, but invalid
For documentation on this error, please visit: https://www.selenium.dev/documentation/webdriver/troubleshooting/errors/driver_location/
Build info: version: '4.10.0', revision: 'c14d967899'
System info: os.name: 'Windows 10', os.arch: 'amd64', os.version: '10.0', java.version: '18.0.2.1'
Driver info: driver.version: FirefoxDriver]]>
            </message>
            <full-stacktrace>
              <![CDATA[org.openqa.selenium.remote.NoSuchDriverException: geckodriver located at C:\Users\lenovo\Documents\Automation\Selenium\geckodriver.exe, but invalid
For documentation on this error, please visit: https://www.selenium.dev/documentation/webdriver/troubleshooting/errors/driver_location/
Build info: version: '4.10.0', revision: 'c14d967899'
System info: os.name: 'Windows 10', os.arch: 'amd64', os.version: '10.0', java.version: '18.0.2.1'
Driver info: driver.version: FirefoxDriver
at org.openqa.selenium.remote.service.DriverFinder.getPath(DriverFinder.java:45)
at org.openqa.selenium.firefox.FirefoxDriver.generateExecutor(FirefoxDriver.java:139)
at org.openqa.selenium.firefox.FirefoxDriver.<init>(FirefoxDriver.java:130)
at org.openqa.selenium.firefox.FirefoxDriver.<init>(FirefoxDriver.java:125)
at org.openqa.selenium.firefox.FirefoxDriver.<init>(FirefoxDriver.java:110)
at org.openqa.selenium.firefox.FirefoxDriver.<init>(FirefoxDriver.java:100)
at testPack.Calender_Textbox.open_Browser(Calender_Textbox.java:56)
at java.base/jdk.internal.reflect.DirectMethodHandleAccessor.invoke(DirectMethodHandleAccessor.java:104)
at java.base/java.lang.reflect.Method.invoke(Method.java:577)
at org.testng.internal.invokers.MethodInvocationHelper.invokeMethod(MethodInvocationHelper.java:139)
at org.testng.internal.invokers.MethodInvocationHelper.invokeMethodConsideringTimeout(MethodInvocationHelper.java:69)
at org.testng.internal.invokers.ConfigInvoker.invokeConfigurationMethod(ConfigInvoker.java:390)
at org.testng.internal.invokers.ConfigInvoker.invokeConfigurations(ConfigInvoker.java:325)
at org.testng.TestRunner.invokeTestConfigurations(TestRunner.java:663)
at org.testng.TestRunner.beforeRun(TestRunner.java:652)
at org.testng.TestRunner.run(TestRunner.java:614)
at org.testng.SuiteRunner.runTest(SuiteRunner.java:443)
at org.testng.SuiteRunner.runSequentially(SuiteRunner.java:437)
at org.testng.SuiteRunner.privateRun(SuiteRunner.java:397)
at org.testng.SuiteRunner.run(SuiteRunner.java:336)
at org.testng.SuiteRunnerWorker.runSuite(SuiteRunnerWorker.java:52)
at org.testng.SuiteRunnerWorker.run(SuiteRunnerWorker.java:95)
at org.testng.TestNG.runSuitesSequentially(TestNG.java:1280)
at org.testng.TestNG.runSuitesLocally(TestNG.java:1200)
at org.testng.TestNG.runSuites(TestNG.java:1114)
at org.testng.TestNG.run(TestNG.java:1082)
at org.testng.remote.AbstractRemoteTestNG.run(AbstractRemoteTestNG.java:115)
at org.testng.remote.RemoteTestNG.initAndRun(RemoteTestNG.java:251)
at org.testng.remote.RemoteTestNG.main(RemoteTestNG.java:77)
]]>
            </full-stacktrace>
          </exception> <!-- org.openqa.selenium.remote.NoSuchDriverException -->
          <reporter-output>
          </reporter-output>
        </test-method> <!-- Verify_TO_Textbox_Side -->
        <test-method is-config="true" signature="TakeScreenshot_Of_Failed_Test_Methods(org.testng.ITestResult)[pri:0, instance:testPack.From_and_To_Textbox@7a8c8dcf]" started-at="2023-10-14T13:31:10 IST" name="TakeScreenshot_Of_Failed_Test_Methods" finished-at="2023-10-14T13:31:10 IST" duration-ms="0" status="SKIP">
          <reporter-output>
          </reporter-output>
        </test-method> <!-- TakeScreenshot_Of_Failed_Test_Methods -->
        <test-method is-config="true" signature="Clear_Object()[pri:0, instance:testPack.From_and_To_Textbox@7a8c8dcf]" started-at="2023-10-14T13:31:10 IST" name="Clear_Object" finished-at="2023-10-14T13:31:10 IST" duration-ms="0" status="SKIP">
          <reporter-output>
          </reporter-output>
        </test-method> <!-- Clear_Object -->
        <test-method is-config="true" signature="Close_the_Browser()[pri:0, instance:testPack.From_and_To_Textbox@7a8c8dcf]" started-at="2023-10-14T13:31:10 IST" name="Close_the_Browser" finished-at="2023-10-14T13:31:10 IST" duration-ms="0" status="SKIP">
          <reporter-output>
          </reporter-output>
        </test-method> <!-- Close_the_Browser -->
      </class> <!-- testPack.From_and_To_Textbox -->
    </test> <!-- TestAirIndia in Firefox -->
  </suite> <!-- SuiteAirIndia -->
</testng-results>
